<?xml version="1.0" encoding="UTF-8"?>
<!-- Generated by org.testng.reporters.JUnitReportReporter -->
<testsuite skipped="0" hostname="Balaji" name="testpackage.MagentoTest" tests="1" failures="0" timestamp="19 Sep 2018 00:39:46 GMT" time="20.963" errors="0">
  <testcase name="main" time="20.963" classname="testpackage.MagentoTest"/>
</testsuite> <!-- testpackage.MagentoTest -->
